<?xml version="1.0" encoding="UTF-8"?>
<testsuite name="StarwarPersonTests" tests="8" skipped="0" failures="0" errors="0" timestamp="2019-09-14T13:12:55" hostname="Macbooks-MacBook-Pro.local" time="6.907">
  <properties/>
  <testcase name="getUsersAsJson" classname="StarwarPersonTests" time="2.569"/>
  <testcase name="getUsersAsModel" classname="StarwarPersonTests" time="0.649"/>
  <testcase name="getUsersTest" classname="StarwarPersonTests" time="0.3"/>
  <testcase name="testCreateUser" classname="StarwarPersonTests" time="0.737"/>
  <testcase name="testDeleteUser" classname="StarwarPersonTests" time="0.672"/>
  <testcase name="testListOfUsers" classname="StarwarPersonTests" time="0.582"/>
  <testcase name="testUpdateUser" classname="StarwarPersonTests" time="0.692"/>
  <testcase name="testUserNotFound" classname="StarwarPersonTests" time="0.697"/>
  <system-out><![CDATA[]]></system-out>
  <system-err><![CDATA[]]></system-err>
</testsuite>
