<?xml version="1.0" encoding="UTF-8"?>
<testsuite name="StarwarPersonTests" tests="8" skipped="0" failures="0" errors="0" timestamp="2019-09-14T11:53:50" hostname="Macbooks-MacBook-Pro.local" time="6.696">
  <properties/>
  <testcase name="getUsersAsJson" classname="StarwarPersonTests" time="2.25"/>
  <testcase name="getUsersAsModel" classname="StarwarPersonTests" time="0.652"/>
  <testcase name="getUsersTest" classname="StarwarPersonTests" time="0.289"/>
  <testcase name="testCreateUser" classname="StarwarPersonTests" time="0.732"/>
  <testcase name="testDeleteUser" classname="StarwarPersonTests" time="0.565"/>
  <testcase name="testListOfUsers" classname="StarwarPersonTests" time="0.64"/>
  <testcase name="testUpdateUser" classname="StarwarPersonTests" time="0.879"/>
  <testcase name="testUserNotFound" classname="StarwarPersonTests" time="0.68"/>
  <system-out><![CDATA[{last_name=Bluth, id=1, avatar=https://s3.amazonaws.com/uifaces/faces/twitter/calebogden/128.jpg, first_name=George, email=george.bluth@reqres.in}
]]></system-out>
  <system-err><![CDATA[]]></system-err>
</testsuite>
